<?xml version="1.0" encoding="UTF-8"?>
<!-- Generated by org.testng.reporters.JUnitReportReporter -->
<testsuite hostname="GunjanKumar" failures="0" tests="1" name="misslaneous.CodeValidations" time="0.133" errors="0" timestamp="2025-09-01T08:23:56 IST" skipped="0">
  <testcase classname="misslaneous.CodeValidations" name="generate" time="0.133"/>
</testsuite> <!-- misslaneous.CodeValidations -->
